warning: tag INPUT: input source './docs' does not exist
warning: source './docs' is not a readable file or directory... skipping.
/home/marc/proj/bloodnok-marine/libbgpiod/external/gpio.h:219: warning: Compound gpio_v2_line_info is not documented.
/home/marc/proj/bloodnok-marine/libbgpiod/external/gpio.h:32: warning: Compound gpiochip_info is not documented.
/home/marc/proj/bloodnok-marine/libbgpiod/external/gpio.h:326: warning: Compound gpioline_info is not documented.
Doxygen version used: 1.9.1
Searching for include files...
Searching for example files...
Searching for files in directory /home/marc/proj/bloodnok-marine/libbgpiod/examples
Searching for files in directory /home/marc/proj/bloodnok-marine/libbgpiod/man
Searching for images...
Searching for dot files...
Searching for msc files...
Searching for dia files...
Searching for files to exclude
Searching INPUT for files to process...
Searching for files in directory /home/marc/proj/bloodnok-marine/libbgpiod/lib
Searching for files in directory /home/marc/proj/bloodnok-marine/libbgpiod/tools
Searching for files in directory /home/marc/proj/bloodnok-marine/libbgpiod/external
Searching for files in directory /home/marc/proj/bloodnok-marine/libbgpiod/man
Reading and parsing tag files
Parsing files
Preprocessing /home/marc/proj/bloodnok-marine/libbgpiod/lib/bgpiod.c...
Parsing file /home/marc/proj/bloodnok-marine/libbgpiod/lib/bgpiod.c...
Preprocessing /home/marc/proj/bloodnok-marine/libbgpiod/lib/bgpiod.h...
Parsing file /home/marc/proj/bloodnok-marine/libbgpiod/lib/bgpiod.h...
Preprocessing /home/marc/proj/bloodnok-marine/libbgpiod/tools/bgpiodetect.c...
Parsing file /home/marc/proj/bloodnok-marine/libbgpiod/tools/bgpiodetect.c...
Preprocessing /home/marc/proj/bloodnok-marine/libbgpiod/tools/bgpioget.c...
Parsing file /home/marc/proj/bloodnok-marine/libbgpiod/tools/bgpioget.c...
Preprocessing /home/marc/proj/bloodnok-marine/libbgpiod/tools/bgpioinfo.c...
Parsing file /home/marc/proj/bloodnok-marine/libbgpiod/tools/bgpioinfo.c...
Preprocessing /home/marc/proj/bloodnok-marine/libbgpiod/tools/bgpiomon.c...
Parsing file /home/marc/proj/bloodnok-marine/libbgpiod/tools/bgpiomon.c...
Preprocessing /home/marc/proj/bloodnok-marine/libbgpiod/tools/bgpioset.c...
Parsing file /home/marc/proj/bloodnok-marine/libbgpiod/tools/bgpioset.c...
Preprocessing /home/marc/proj/bloodnok-marine/libbgpiod/tools/bgpiotools.h...
Parsing file /home/marc/proj/bloodnok-marine/libbgpiod/tools/bgpiotools.h...
Preprocessing /home/marc/proj/bloodnok-marine/libbgpiod/tools/bgpiowatch.c...
Parsing file /home/marc/proj/bloodnok-marine/libbgpiod/tools/bgpiowatch.c...
Preprocessing /home/marc/proj/bloodnok-marine/libbgpiod/tools/utils.c...
Parsing file /home/marc/proj/bloodnok-marine/libbgpiod/tools/utils.c...
Preprocessing /home/marc/proj/bloodnok-marine/libbgpiod/tools/vectors.c...
Parsing file /home/marc/proj/bloodnok-marine/libbgpiod/tools/vectors.c...
Preprocessing /home/marc/proj/bloodnok-marine/libbgpiod/external/gpio.h...
Parsing file /home/marc/proj/bloodnok-marine/libbgpiod/external/gpio.h...
Building macro definition list...
Building group list...
Building directory list...
Building namespace list...
Building file list...
Building class list...
Computing nesting relations for classes...
Associating documentation with classes...
Building example list...
Searching for enumerations...
Searching for documented typedefs...
Searching for members imported via using declarations...
Searching for included using directives...
Searching for documented variables...
Building interface member list...
Building member list...
Searching for friends...
Searching for documented defines...
Computing class inheritance relations...
Computing class usage relations...
Flushing cached template relations that have become invalid...
Computing class relations...
Add enum values to enums...
Searching for member function documentation...
Creating members for template instances...
Building page list...
Search for main page...
Computing page relations...
Determining the scope of groups...
Sorting lists...
Determining which enums are documented
Computing member relations...
Building full member lists recursively...
Adding members to member groups.
Computing member references...
Inheriting documentation...
Generating disk names...
Adding source references...
Adding xrefitems...
Sorting member lists...
Setting anonymous enum type...
Generating citations page...
Counting members...
Counting data structures...
Resolving user defined references...
Finding anchors and sections in the documentation../home/marc/proj/bloodnok-marine/libbgpiod/lib/bgpiod.c:628: warning: explicit link request to 'gpio_v2_line_flag' could not be resolved
/home/marc/proj/bloodnok-marine/libbgpiod/lib/bgpiod.c:628: warning: explicit link request to 'gpio_v2_line_flag' could not be resolved
/home/marc/proj/bloodnok-marine/libbgpiod/tools/bgpiomon.c:255: warning: The following parameter of process_edge(bgpio_request_t *request, bool quiet, char *exec, int *timeout) is not documented:
  parameter 'timeout'
/home/marc/proj/bloodnok-marine/libbgpiod/tools/bgpiowatch.c:158: warning: The following parameter of watch_lines(bgpio_chip_t *chip, int repeat, int *timeout, char *exec, bool quiet) is not documented:
  parameter 'timeout'
.
Transferring function references...
Combining using relations...
Adding members to index pages...
Correcting members for VHDL...
Computing tooltip texts...
Generating style sheet...
Generating search indices...
Generating example documentation...
Generating file sources...
Generating code for file external/gpio.h...
Generating code for file lib/bgpiod.c...
Generating code for file lib/bgpiod.h...
Generating code for file tools/bgpiodetect.c...
Generating code for file tools/bgpioget.c...
Generating code for file tools/bgpioinfo.c...
Generating code for file tools/bgpiomon.c...
Generating code for file tools/bgpioset.c...
Generating code for file tools/bgpiotools.h...
Generating code for file tools/bgpiowatch.c...
Generating code for file tools/utils.c...
Generating code for file tools/vectors.c...
Generating file documentation...
Generating docs for file lib/bgpiod.c...
Generating call graph for function bgpio_clear_line_flags
Generating call graph for function bgpio_configure_line
Generating call graph for function bgpio_fetched
Generating call graph for function bgpio_set_line
Generating call graph for function bgpio_set_line_flags
Generating call graph for function bgpio_update_initial_value
Generating docs for file lib/bgpiod.h...
Generating call graph for function bgpio_configure_line
Generating call graph for function bgpio_fetched
Generating call graph for function bgpio_set_line
Generating docs for file tools/bgpiodetect.c...
Generating call graph for function main
Generating call graph for function print_chip_details
Generating docs for file tools/bgpioget.c...
Generating call graph for function get_bias
Generating call graph for function get_gpio_request
Generating call graph for function get_period
Generating call graph for function get_repeat
Generating call graph for function main
Generating call graph for function perform_fetches
Generating docs for file tools/bgpioinfo.c...
Generating call graph for function append_flags
Generating call graph for function get_gpio_line
Generating call graph for function main
Generating call graph for function print_gpioline
Generating docs for file tools/bgpiomon.c...
Generating call graph for function get_bias
Generating call graph for function get_debounce
Generating call graph for function get_edge
Generating call graph for function get_gpio_request
Generating call graph for function get_repeat
Generating call graph for function get_timeout
Generating call graph for function main
Generating call graph for function process_edge
Generating docs for file tools/bgpioset.c...
Generating call graph for function get_bias
Generating call graph for function get_gpio_request
Generating call graph for function get_output_drive
Generating call graph for function main
Generating call graph for function read_line_spec
Generating docs for file tools/bgpiotools.h...
Generating call graph for function create_svector
Generating call graph for function get_chip_paths
Generating call graph for function parse_lineflags
Generating call graph for function path_for_arg
Generating call graph for function read_line_arg
Generating call graph for function svector_add_elem
Generating call graph for function svector_sort
Generating docs for file tools/bgpiowatch.c...
Generating call graph for function get_gpio_chip
Generating call graph for function get_repeat
Generating call graph for function get_timeout
Generating call graph for function main
Generating call graph for function watch_lines
Generating docs for file tools/utils.c...
Generating call graph for function get_chip_paths
Generating call graph for function parse_lineflags
Generating call graph for function path_for_arg
Generating call graph for function read_line_arg
Generating docs for file tools/vectors.c...
Generating call graph for function create_svector
Generating call graph for function svector_add_elem
Generating call graph for function svector_sort
Generating page documentation...
Generating group documentation...
Generating class documentation...
Generating docs for compound bgpio_chip_t...
Generating docs for compound bgpio_re/home/marc/proj/bloodnok-marine/libbgpiod/external/gpio.h:126: warning: Member id (variable) of struct gpio_v2_line_attribute is not documented.
/home/marc/proj/bloodnok-marine/libbgpiod/external/gpio.h:127: warning: Member padding (variable) of struct gpio_v2_line_attribute is not documented.
/home/marc/proj/bloodnok-marine/libbgpiod/external/gpio.h:111: warning: Found unknown command '@id'
/home/marc/proj/bloodnok-marine/libbgpiod/external/gpio.h:112: warning: Found unknown command '@padding'
/home/marc/proj/bloodnok-marine/libbgpiod/external/gpio.h:113: warning: Found unknown command '@flags'
/home/marc/proj/bloodnok-marine/libbgpiod/external/gpio.h:118: warning: Found unknown command '@values'
/home/marc/proj/bloodnok-marine/libbgpiod/external/gpio.h:122: warning: Found unknown command '@debounce_period_us'
/home/marc/proj/bloodnok-marine/libbgpiod/external/gpio.h:163: warning: Member flags (variable) of struct gpio_v2_line_config is not documented.
/home/marc/proj/bloodnok-marine/libbgpiod/external/gpio.h:164: warning: Member num_attrs (variable) of struct gpio_v2_line_config is not documented.
/home/marc/proj/bloodnok-marine/libbgpiod/external/gpio.h:166: warning: Member padding[5] (variable) of struct gpio_v2_line_config is not documented.
/home/marc/proj/bloodnok-marine/libbgpiod/external/gpio.h:166: warning: Member attrs[10] (variable) of struct gpio_v2_line_config is not documented.
/home/marc/proj/bloodnok-marine/libbgpiod/external/gpio.h:150: warning: Found unknown command '@flags'
/home/marc/proj/bloodnok-marine/libbgpiod/external/gpio.h:154: warning: Found unknown command '@attrs'
/home/marc/proj/bloodnok-marine/libbgpiod/external/gpio.h:155: warning: Found unknown command '@num_attrs'
/home/marc/proj/bloodnok-marine/libbgpiod/external/gpio.h:155: warning: Found unknown command '@attrs'
/home/marc/proj/bloodnok-marine/libbgpiod/external/gpio.h:156: warning: Found unknown command '@padding'
/home/marc/proj/bloodnok-marine/libbgpiod/external/gpio.h:157: warning: Found unknown command '@attrs'
/home/marc/proj/bloodnok-marine/libbgpiod/external/gpio.h:131: warning: Member attr (variable) of struct gpio_v2_line_config_attribute is not documented.
/home/marc/proj/bloodnok-marine/libbgpiod/external/gpio.h:145: warning: Member mask (variable) of struct gpio_v2_line_config_attribute is not documented.
/home/marc/proj/bloodnok-marine/libbgpiod/external/gpio.h:138: warning: Found unknown command '@attr'
/home/marc/proj/bloodnok-marine/libbgpiod/external/gpio.h:139: warning: Found unknown command '@mask'
/home/marc/proj/bloodnok-marine/libbgpiod/external/gpio.h:285: warning: Member timestamp_ns (variable) of struct gpio_v2_line_event is not documented.
/home/marc/proj/bloodnok-marine/libbgpiod/external/gpio.h:286: warning: Member id (variable) of struct gpio_v2_line_event is not documented.
/home/marc/proj/bloodnok-marine/libbgpiod/external/gpio.h:287: warning: Member offset (variable) of struct gpio_v2_line_event is not documented.
/home/marc/proj/bloodnok-marine/libbgpiod/external/gpio.h:288: warning: Member seqno (variable) of struct gpio_v2_line_event is not documented.
/home/marc/proj/bloodnok-marine/libbgpiod/external/gpio.h:289: warning: Member line_seqno (variable) of struct gpio_v2_line_event is not documented.
/home/marc/proj/bloodnok-marine/libbgpiod/external/gpio.h:291: warning: Member padding[6] (variable) of struct gpio_v2_line_event is not documented.
/home/marc/proj/bloodnok-marine/libbgpiod/external/gpio.h:272: warning: Found unknown command '@timestamp_ns'
/home/marc/proj/bloodnok-marine/libbgpiod/external/gpio.h:273: warning: Found unknown command '@timestamp_ns'
/home/marc/proj/bloodnok-marine/libbgpiod/external/gpio.h:276: warning: Found unknown command '@id'
/home/marc/proj/bloodnok-marine/libbgpiod/external/gpio.h:277: warning: Found unknown command '@offset'
/home/marc/proj/bloodnok-marine/libbgpiod/external/gpio.h:278: warning: Found unknown command '@seqno'
/home/marc/proj/bloodnok-marine/libbgpiod/external/gpio.h:280: warning: Found unknown command '@line_seqno'
/home/marc/proj/bloodnok-marine/libbgpiod/external/gpio.h:282: warning: Found unknown command '@padding'
/home/marc/proj/bloodnok-marine/libbgpiod/external/gpio.h:220: warning: Member name[32] (variable) of struct gpio_v2_line_info is not documented.
/home/marc/proj/bloodnok-marine/libbgpiod/external/gpio.h:221: warning: Member consumer[32] (variable) of struct gpio_v2_line_info is not documented.
/home/marc/proj/bloodnok-marine/libbgpiod/external/gpio.h:222: warning: Member offset (variable) of struct gpio_v2_line_info is not documented.
/home/marc/proj/bloodnok-marine/libbgpiod/external/gpio.h:223: warning: Member num_attrs (variable) of struct gpio_v2_line_info is not documented.
/home/marc/proj/bloodnok-marine/libbgpiod/external/gpio.h:224: warning: Member flags (variable) of struct gpio_v2_line_info is not documented.
/home/marc/proj/bloodnok-marine/libbgpiod/external/gpio.h:224: warning: Member attrs[10] (variable) of struct gpio_v2_line_info is not documented.
/home/marc/proj/bloodnok-marine/libbgpiod/external/gpio.h:227: warning: Member padding[4] (variable) of struct gpio_v2_line_info is not documented.
/home/marc/proj/bloodnok-marine/libbgpiod/external/gpio.h:227: warning: Member info (variable) of struct gpio_v2_line_info_changed is not documented.
/home/marc/proj/bloodnok-marine/libbgpiod/external/gpio.h:254: warning: Member timestamp_ns (variable) of struct gpio_v2_line_info_changed is not documented.
/home/marc/proj/bloodnok-marine/libbgpiod/external/gpio.h:255: warning: Member event_type (variable) of struct gpio_v2_line_info_changed is not documented.
/home/marc/proj/bloodnok-marine/libbgpiod/external/gpio.h:257: warning: Member padding[5] (variable) of struct gpio_v2_line_info_changed is not documented.
/home/marc/proj/bloodnok-marine/libbgpiod/external/gpio.h:246: warning: Found unknown command '@info'
/home/marc/proj/bloodnok-marine/libbgpiod/external/gpio.h:247: warning: Found unknown command '@timestamp_ns'
/home/marc/proj/bloodnok-marine/libbgpiod/external/gpio.h:248: warning: Found unknown command '@event_type'
/home/marc/proj/bloodnok-marine/libbgpiod/external/gpio.h:250: warning: Found unknown command '@padding'
/home/marc/proj/bloodnok-marine/libbgpiod/external/gpio.h:192: warning: Member offsets[64] (variable) of struct gpio_v2_line_request is not documented.
/home/marc/proj/bloodnok-marine/libbgpiod/external/gpio.h:193: warning: Member consumer[32] (variable) of struct gpio_v2_line_request is not documented.
/home/marc/proj/bloodnok-marine/libbgpiod/external/gpio.h:193: warning: Member config (variable) of struct gpio_v2_line_request is not documented.
/home/marc/proj/bloodnok-marine/libbgpiod/external/gpio.h:195: warning: Member num_lines (variable) of struct gpio_v2_line_request is not documented.
/home/marc/proj/bloodnok-marine/libbgpiod/external/gpio.h:196: warning: Member event_buffer_size (variable) of struct gpio_v2_line_request is not documented.
/home/marc/proj/bloodnok-marine/libbgpiod/external/gpio.h:198: warning: Member padding[5] (variable) of struct gpio_v2_line_request is not documented.
/home/marc/proj/bloodnok-marine/libbgpiod/external/gpio.h:199: warning: Member fd (variable) of struct gpio_v2_line_request is not documented.
/home/marc/proj/bloodnok-marine/libbgpiod/external/gpio.h:172: warning: Found unknown command '@offsets'
/home/marc/proj/bloodnok-marine/libbgpiod/external/gpio.h:174: warning: Found unknown command '@consumer'
/home/marc/proj/bloodnok-marine/libbgpiod/external/gpio.h:176: warning: Found unknown command '@config'
/home/marc/proj/bloodnok-marine/libbgpiod/external/gpio.h:177: warning: Found unknown command '@num_lines'
/home/marc/proj/bloodnok-marine/libbgpiod/external/gpio.h:180: warning: Found unknown command '@event_buffer_size'
/home/marc/proj/bloodnok-marine/libbgpiod/external/gpio.h:185: warning: Found unknown command '@num_lines'
/home/marc/proj/bloodnok-marine/libbgpiod/external/gpio.h:186: warning: Found unknown command '@padding'
/home/marc/proj/bloodnok-marine/libbgpiod/external/gpio.h:187: warning: Found unknown command '@fd'
/home/marc/proj/bloodnok-marine/libbgpiod/external/gpio.h:92: warning: Member bits (variable) of struct gpio_v2_line_values is not documented.
/home/marc/proj/bloodnok-marine/libbgpiod/external/gpio.h:93: warning: Member mask (variable) of struct gpio_v2_line_values is not documented.
/home/marc/proj/bloodnok-marine/libbgpiod/external/gpio.h:85: warning: Found unknown command '@bits'
/home/marc/proj/bloodnok-marine/libbgpiod/external/gpio.h:87: warning: Found unknown command '@mask'
/home/marc/proj/bloodnok-marine/libbgpiod/external/gpio.h:33: warning: Member name[32] (variable) of struct gpiochip_info is not documented.
/home/marc/proj/bloodnok-marine/libbgpiod/external/gpio.h:34: warning: Member label[32] (variable) of struct gpiochip_info is not documented.
/home/marc/proj/bloodnok-marine/libbgpiod/external/gpio.h:35: warning: Member lines (variable) of struct gpiochip_info is not documented.
/home/marc/proj/bloodnok-marine/libbgpiod/external/gpio.h:489: warning: Member timestamp (variable) of struct gpioevent_data is not documented.
/home/marc/proj/bloodnok-marine/libbgpiod/external/gpio.h:490: warning: Member id (variable) of struct gpioevent_data is not documented.
/home/marc/proj/bloodnok-marine/libbgpiod/external/gpio.h:482: warning: Found unknown command '@timestamp'
/home/marc/proj/bloodnok-marine/libbgpiod/external/gpio.h:483: warning: Found unknown command '@id'
/home/marc/proj/bloodnok-marine/libbgpiod/external/gpio.h:467: warning: Member lineoffset (variable) of struct gpioevent_request is not documented.
/home/marc/proj/bloodnok-marine/libbgpiod/external/gpio.h:468: warning: Member handleflags (variable) of struct gpioevent_request is not documented.
/home/marc/proj/bloodnok-marine/libbgpiod/external/gpio.h:469: warning: Member eventflags (variable) of struct gpioevent_request is not documented.
/home/marc/proj/bloodnok-marine/libbgpiod/external/gpio.h:470: warning: Member consumer_label[32] (variable) of struct gpioevent_request is not documented.
/home/marc/proj/bloodnok-marine/libbgpiod/external/gpio.h:471: warning: Member fd (variable) of struct gpioevent_request is not documented.
/home/marc/proj/bloodnok-marine/libbgpiod/external/gpio.h:451: warning: Found unknown command '@lineoffset'
/home/marc/proj/bloodnok-marine/libbgpiod/external/gpio.h:453: warning: Found unknown command '@handleflags'
/home/marc/proj/bloodnok-marine/libbgpiod/external/gpio.h:455: warning: Found unknown command '@eventflags'
/home/marc/proj/bloodnok-marine/libbgpiod/external/gpio.h:457: warning: Found unknown command '@consumer_label'
/home/marc/proj/bloodnok-marine/libbgpiod/external/gpio.h:459: warning: Found unknown command '@fd'
/home/marc/proj/bloodnok-marine/libbgpiod/external/gpio.h:426: warning: Member flags (variable) of struct gpiohandle_config is not documented.
/home/marc/proj/bloodnok-marine/libbgpiod/external/gpio.h:427: warning: Member default_values[64] (variable) of struct gpiohandle_config is not documented.
/home/marc/proj/bloodnok-marine/libbgpiod/external/gpio.h:428: warning: Member padding[4] (variable) of struct gpiohandle_config is not documented.
/home/marc/proj/bloodnok-marine/libbgpiod/external/gpio.h:414: warning: Found unknown command '@flags'
/home/marc/proj/bloodnok-marine/libbgpiod/external/gpio.h:417: warning: Found unknown command '@default_values'
/home/marc/proj/bloodnok-marine/libbgpiod/external/gpio.h:420: warning: Found unknown command '@padding'
/home/marc/proj/bloodnok-marine/libbgpiod/external/gpio.h:441: warning: Member values[64] (variable) of struct gpiohandle_data is not documented.
/home/marc/proj/bloodnok-marine/libbgpiod/external/gpio.h:433: warning: Found unknown command '@values'
/home/marc/proj/bloodnok-marine/libbgpiod/external/gpio.h:404: warning: Member lineoffsets[64] (variable) of struct gpiohandle_request is not documented.
/home/marc/proj/bloodnok-marine/libbgpiod/external/gpio.h:405: warning: Member flags (variable) of struct gpiohandle_request is not documented.
/home/marc/proj/bloodnok-marine/libbgpiod/external/gpio.h:406: warning: Member default_values[64] (variable) of struct gpiohandle_request is not documented.
/home/marc/proj/bloodnok-marine/libbgpiod/external/gpio.h:407: warning: Member consumer_label[32] (variable) of struct gpiohandle_request is not documented.
/home/marc/proj/bloodnok-marine/libbgpiod/external/gpio.h:408: warning: Member lines (variable) of struct gpiohandle_request is not documented.
/home/marc/proj/bloodnok-marine/libbgpiod/external/gpio.h:409: warning: Member fd (variable) of struct gpiohandle_request is not documented.
/home/marc/proj/bloodnok-marine/libbgpiod/external/gpio.h:380: warning: Found unknown command '@lineoffsets'
/home/marc/proj/bloodnok-marine/libbgpiod/external/gpio.h:382: warning: Found unknown command '@flags'
/home/marc/proj/bloodnok-marine/libbgpiod/external/gpio.h:389: warning: Found unknown command '@default_values'
/home/marc/proj/bloodnok-marine/libbgpiod/external/gpio.h:392: warning: Found unknown command '@consumer_label'
/home/marc/proj/bloodnok-marine/libbgpiod/external/gpio.h:394: warning: Found unknown command '@lines'
/home/marc/proj/bloodnok-marine/libbgpiod/external/gpio.h:396: warning: Found unknown command '@fd'
/home/marc/proj/bloodnok-marine/libbgpiod/external/gpio.h:327: warning: Member line_offset (variable) of struct gpioline_info is not documented.
/home/marc/proj/bloodnok-marine/libbgpiod/external/gpio.h:328: warning: Member flags (variable) of struct gpioline_info is not documented.
/home/marc/proj/bloodnok-marine/libbgpiod/external/gpio.h:329: warning: Member name[32] (variable) of struct gpioline_info is not documented.
/home/marc/proj/bloodnok-marine/libbgpiod/external/gpio.h:330: warning: Member consumer[32] (variable) of struct gpioline_info is not documented.
/home/marc/proj/bloodnok-marine/libbgpiod/external/gpio.h:330: warning: Member info (variable) of struct gpioline_info_changed is not documented.
/home/marc/proj/bloodnok-marine/libbgpiod/external/gpio.h:363: warning: Member timestamp (variable) of struct gpioline_info_changed is not documented.
/home/marc/proj/bloodnok-marine/libbgpiod/external/gpio.h:364: warning: Member event_type (variable) of struct gpioline_info_changed is not documented.
/home/marc/proj/bloodnok-marine/libbgpiod/external/gpio.h:365: warning: Member padding[5] (variable) of struct gpioline_info_changed is not documented.
/home/marc/proj/bloodnok-marine/libbgpiod/external/gpio.h:346: warning: Found unknown command '@info'
/home/marc/proj/bloodnok-marine/libbgpiod/external/gpio.h:347: warning: Found unknown command '@timestamp'
/home/marc/proj/bloodnok-marine/libbgpiod/external/gpio.h:348: warning: Found unknown command '@event_type'
/home/marc/proj/bloodnok-marine/libbgpiod/external/gpio.h:350: warning: Found unknown command '@padding'
quest...
Generating docs for compound gpio_v2_line_attribute...
Generating docs for compound gpio_v2_line_config...
Generating docs for compound gpio_v2_line_config_attribute...
Generating docs for compound gpio_v2_line_event...
Generating docs for compound gpio_v2_line_info...
Generating docs for compound gpio_v2_line_info_changed...
Generating docs for compound gpio_v2_line_request...
Generating docs for compound gpio_v2_line_values...
Generating docs for compound gpiochip_info...
Generating docs for compound gpioevent_data...
Generating docs for compound gpioevent_request...
Generating docs for compound gpiohandle_config...
Generating docs for compound gpiohandle_data...
Generating docs for compound gpiohandle_request...
Generating docs for compound gpioline_info...
Generating docs for compound gpioline_info_changed...
Generating docs for compound svector...
Generating namespace index...
Generating graph info page...
Generating directory documentation...
Generating index page...
Generating page index...
Generating module index...
Generating namespace index...
Generating namespace member index...
Generating annotated compound index...
Generating alphabetical compound index...
Generating hierarchical class index...
Generating member index...
Generating file index...
Generating file member index...
Generating example index...
finalizing index lists...
writing tag file...
Running plantuml with JAVA...
Running dot...
Generating dot graphs using 5 parallel threads...
Running dot for graph 1/67
Running dot for graph 2/67
Running dot for graph 3/67
Running dot for graph 4/67
Running dot for graph 5/67
Running dot for graph 6/67
Running dot for graph 7/67
Running dot for graph 8/67
Running dot for graph 9/67
Running dot for graph 10/67
Running dot for graph 11/67
Running dot for graph 12/67
Running dot for graph 13/67
Running dot for graph 14/67
Running dot for graph 15/67
Running dot for graph 16/67
Running dot for graph 17/67
Running dot for graph 18/67
Running dot for graph 19/67
Running dot for graph 20/67
Running dot for graph 21/67
Running dot for graph 22/67
Running dot for graph 23/67
Running dot for graph 24/67
Running dot for graph 25/67
Running dot for graph 26/67
Running dot for graph 27/67
Running dot for graph 28/67
Running dot for graph 29/67
Running dot for graph 30/67
Running dot for graph 31/67
Running dot for graph 32/67
Running dot for graph 33/67
Running dot for graph 34/67
Running dot for graph 35/67
Running dot for graph 36/67
Running dot for graph 37/67
Running dot for graph 38/67
Running dot for graph 39/67
Running dot for graph 40/67
Running dot for graph 41/67
Running dot for graph 42/67
Running dot for graph 43/67
Running dot for graph 44/67
Running dot for graph 45/67
Running dot for graph 46/67
Running dot for graph 47/67
Running dot for graph 48/67
Running dot for graph 49/67
Running dot for graph 50/67
Running dot for graph 51/67
Running dot for graph 52/67
Running dot for graph 53/67
Running dot for graph 54/67
Running dot for graph 55/67
Running dot for graph 56/67
Running dot for graph 57/67
Running dot for graph 58/67
Running dot for graph 59/67
Running dot for graph 60/67
Running dot for graph 61/67
Running dot for graph 62/67
Running dot for graph 63/67
Running dot for graph 64/67
Running dot for graph 65/67
Running dot for graph 66/67
Running dot for graph 67/67
Patching output file 1/11
Patching output file 2/11
Patching output file 3/11
Patching output file 4/11
Patching output file 5/11
Patching output file 6/11
Patching output file 7/11
Patching output file 8/11
Patching output file 9/11
Patching output file 10/11
Patching output file 11/11
lookup cache used 355/65536 hits=3125 misses=409
finished...
